<?xml version="1.0" encoding="UTF-8"?>
<!-- Generated by org.testng.reporters.JUnitXMLReporter -->
<testsuite ignored="0" hostname="Anant" failures="0" tests="7" name="Default test" time="8.423" errors="0" timestamp="2025-01-16T20:03:11 IST">
  <testcase classname="tokenization.Tokenization_API" name="saveToken" time="3.062"/>
  <testcase classname="tokenization.Tokenization_API" name="verifyToken" time="1.151"/>
  <testcase classname="tokenization.Tokenization_API" name="getToken" time="0.533"/>
  <testcase classname="tokenization.Tokenization_API" name="saveAcquirerToken" time="0.4"/>
  <testcase classname="tokenization.Tokenization_API" name="verifyAcquirerToken" time="1.01"/>
  <testcase classname="tokenization.Tokenization_API" name="getAcquirerToken" time="0.49"/>
  <testcase classname="tokenization.Tokenization_API" name="deleteAcquirerToken" time="1.707"/>
</testsuite> <!-- Default test -->
