<?xml version="1.0" encoding="UTF-8"?>
<testng-results ignored="0" total="7" passed="7" failed="0" skipped="0">
  <reporter-output>
  </reporter-output>
  <suite started-at="2025-01-16T20:03:03 IST" name="Default suite" finished-at="2025-01-16T20:03:11 IST" duration-ms="8423">
    <groups>
    </groups>
    <test started-at="2025-01-16T20:03:03 IST" name="Default test" finished-at="2025-01-16T20:03:11 IST" duration-ms="8423">
      <class name="tokenization.Tokenization_API">
        <test-method is-config="true" signature="setup()[pri:0, instance:tokenization.Tokenization_API@130161f7]" started-at="2025-01-16T20:03:03 IST" name="setup" finished-at="2025-01-16T20:03:03 IST" duration-ms="4" status="PASS">
          <reporter-output>
          </reporter-output>
        </test-method> <!-- setup -->
        <test-method signature="saveToken()[pri:1, instance:tokenization.Tokenization_API@130161f7]" started-at="2025-01-16T20:03:03 IST" name="saveToken" finished-at="2025-01-16T20:03:06 IST" duration-ms="3062" status="PASS">
          <reporter-output>
          </reporter-output>
        </test-method> <!-- saveToken -->
        <test-method is-config="true" signature="setup()[pri:0, instance:tokenization.Tokenization_API@130161f7]" started-at="2025-01-16T20:03:06 IST" name="setup" finished-at="2025-01-16T20:03:06 IST" duration-ms="0" status="PASS">
          <reporter-output>
          </reporter-output>
        </test-method> <!-- setup -->
        <test-method signature="verifyToken()[pri:2, instance:tokenization.Tokenization_API@130161f7]" started-at="2025-01-16T20:03:06 IST" name="verifyToken" finished-at="2025-01-16T20:03:07 IST" duration-ms="1151" status="PASS">
          <reporter-output>
          </reporter-output>
        </test-method> <!-- verifyToken -->
        <test-method is-config="true" signature="setup()[pri:0, instance:tokenization.Tokenization_API@130161f7]" started-at="2025-01-16T20:03:07 IST" name="setup" finished-at="2025-01-16T20:03:07 IST" duration-ms="0" status="PASS">
          <reporter-output>
          </reporter-output>
        </test-method> <!-- setup -->
        <test-method signature="getToken()[pri:3, instance:tokenization.Tokenization_API@130161f7]" started-at="2025-01-16T20:03:07 IST" name="getToken" finished-at="2025-01-16T20:03:08 IST" duration-ms="533" status="PASS">
          <reporter-output>
          </reporter-output>
        </test-method> <!-- getToken -->
        <test-method is-config="true" signature="setup()[pri:0, instance:tokenization.Tokenization_API@130161f7]" started-at="2025-01-16T20:03:08 IST" name="setup" finished-at="2025-01-16T20:03:08 IST" duration-ms="1" status="PASS">
          <reporter-output>
          </reporter-output>
        </test-method> <!-- setup -->
        <test-method signature="saveAcquirerToken()[pri:4, instance:tokenization.Tokenization_API@130161f7]" started-at="2025-01-16T20:03:08 IST" name="saveAcquirerToken" finished-at="2025-01-16T20:03:08 IST" duration-ms="400" status="PASS">
          <reporter-output>
          </reporter-output>
        </test-method> <!-- saveAcquirerToken -->
        <test-method is-config="true" signature="setup()[pri:0, instance:tokenization.Tokenization_API@130161f7]" started-at="2025-01-16T20:03:08 IST" name="setup" finished-at="2025-01-16T20:03:08 IST" duration-ms="1" status="PASS">
          <reporter-output>
          </reporter-output>
        </test-method> <!-- setup -->
        <test-method signature="verifyAcquirerToken()[pri:5, instance:tokenization.Tokenization_API@130161f7]" started-at="2025-01-16T20:03:08 IST" name="verifyAcquirerToken" finished-at="2025-01-16T20:03:09 IST" duration-ms="1010" status="PASS">
          <reporter-output>
          </reporter-output>
        </test-method> <!-- verifyAcquirerToken -->
        <test-method is-config="true" signature="setup()[pri:0, instance:tokenization.Tokenization_API@130161f7]" started-at="2025-01-16T20:03:09 IST" name="setup" finished-at="2025-01-16T20:03:09 IST" duration-ms="0" status="PASS">
          <reporter-output>
          </reporter-output>
        </test-method> <!-- setup -->
        <test-method signature="getAcquirerToken()[pri:6, instance:tokenization.Tokenization_API@130161f7]" started-at="2025-01-16T20:03:09 IST" name="getAcquirerToken" finished-at="2025-01-16T20:03:10 IST" duration-ms="490" status="PASS">
          <reporter-output>
          </reporter-output>
        </test-method> <!-- getAcquirerToken -->
        <test-method is-config="true" signature="setup()[pri:0, instance:tokenization.Tokenization_API@130161f7]" started-at="2025-01-16T20:03:10 IST" name="setup" finished-at="2025-01-16T20:03:10 IST" duration-ms="0" status="PASS">
          <reporter-output>
          </reporter-output>
        </test-method> <!-- setup -->
        <test-method signature="deleteAcquirerToken()[pri:7, instance:tokenization.Tokenization_API@130161f7]" started-at="2025-01-16T20:03:10 IST" name="deleteAcquirerToken" finished-at="2025-01-16T20:03:11 IST" duration-ms="1707" status="PASS">
          <reporter-output>
          </reporter-output>
        </test-method> <!-- deleteAcquirerToken -->
      </class> <!-- tokenization.Tokenization_API -->
    </test> <!-- Default test -->
  </suite> <!-- Default suite -->
</testng-results>
