<?xml version="1.0" encoding="UTF-8"?>
<testng-results ignored="0" total="1" passed="1" failed="0" skipped="0">
  <reporter-output>
  </reporter-output>
  <suite started-at="2025-01-15T19:51:43 IST" name="Default suite" finished-at="2025-01-15T19:51:46 IST" duration-ms="2761">
    <groups>
    </groups>
    <test started-at="2025-01-15T19:51:43 IST" name="Default test" finished-at="2025-01-15T19:51:46 IST" duration-ms="2761">
      <class name="payment.Payment_API">
        <test-method is-config="true" signature="setup()[pri:0, instance:payment.Payment_API@647e447]" started-at="2025-01-15T19:51:43 IST" name="setup" finished-at="2025-01-15T19:51:43 IST" duration-ms="7" status="PASS">
          <reporter-output>
          </reporter-output>
        </test-method> <!-- setup -->
        <test-method signature="pluginDetails()[pri:0, instance:payment.Payment_API@647e447]" started-at="2025-01-15T19:51:43 IST" name="pluginDetails" finished-at="2025-01-15T19:51:46 IST" duration-ms="2675" status="PASS">
          <reporter-output>
          </reporter-output>
        </test-method> <!-- pluginDetails -->
      </class> <!-- payment.Payment_API -->
    </test> <!-- Default test -->
  </suite> <!-- Default suite -->
</testng-results>
